<?xml version="1.0" encoding="utf-8"?><testsuites name="pytest tests"><testsuite name="pytest" errors="0" failures="4" skipped="0" tests="47" time="19.036" timestamp="2026-08-21T14:50:00.779621+00:00" hostname="agent-env-ae2c7ad2-6bf5-439e-87eb-a4cd6d39cce0"><testcase classname="tests.backend_test.TestAuth" name="test_demo_login" time="0.296" /><testcase classname="tests.backend_test.TestInvoices" name="test_invoice_autocalc_and_upi_qr" time="1.323" /><testcase classname="tests.backend_test.TestAuth" name="test_login_with_documented_credentials" time="0.314" /><testcase classname="tests.backend_test.TestAuth" name="test_login_demo_credentials" time="0.322" /><testcase classname="tests.backend_test.TestAuth" name="test_login_httponly_cookie_set" time="0.398" /><testcase classname="tests.backend_test.TestInvoices" name="test_invoice_ignores_client_supplied_totals" time="0.468" /><testcase classname="tests.backend_test.TestAuth" name="test_login_bad_password" time="0.348" /><testcase classname="tests.backend_test.TestAuth" name="test_register_duplicate_email" time="0.102" /><testcase classname="tests.backend_test.TestAuth" name="test_register_new_user" time="0.464" /><testcase classname="tests.backend_test.TestInvoices" name="test_invoice_stock_auto_deduct" time="0.837" /><testcase classname="tests.backend_test.TestAuth" name="test_me_requires_auth" time="0.216" /><testcase classname="tests.backend_test.TestInvoices" name="test_draft_invoice_does_not_deduct_then_finalize_deducts" time="0.828" /><testcase classname="tests.backend_test.TestAuth" name="test_me_with_token" time="0.381" /><testcase classname="tests.backend_test.TestAuth" name="test_invalid_token_rejected" time="0.163" /><testcase classname="tests.backend_test.TestAuth" name="test_brute_force_lockout" time="2.672"><failure message="AssertionError: No lockout after 6 failures, codes=[401, 401, 401, 401, 401, 401]&#10;assert (423 in [401, 401, 401, 401, 401, 401] or 429 in [401, 401, 401, 401, 401, 401])">E   AssertionError: No lockout after 6 failures, codes=[401, 401, 401, 401, 401, 401]
    assert (423 in [401, 401, 401, 401, 401, 401] or 429 in [401, 401, 401, 401, 401, 401])</failure></testcase><testcase classname="tests.backend_test.TestInvoices" name="test_invoice_number_uniqueness" time="0.870" /><testcase classname="tests.backend_test.TestInvoices" name="test_get_invoice_404" time="0.120" /><testcase classname="tests.backend_test.TestInvoices" name="test_invoices_require_auth" time="0.270" /><testcase classname="tests.backend_test.TestInvoices" name="test_invoice_list_filters" time="0.299" /><testcase classname="tests.backend_test.TestPayments" name="test_payments_today_and_all" time="0.335" /><testcase classname="tests.backend_test.TestPayments" name="test_record_full_payment_marks_invoice_paid" time="0.655" /><testcase classname="tests.backend_test.TestAuth" name="test_bcrypt_hash_format" time="0.095" /><testcase classname="tests.backend_test.TestInventory" name="test_create_product_and_opening_stock_txn" time="0.410" /><testcase classname="tests.backend_test.TestPayments" name="test_partial_payment" time="0.432" /><testcase classname="tests.backend_test.TestInventory" name="test_adjust_stock_in_out" time="0.612" /><testcase classname="tests.backend_test.TestPayments" name="test_overpayment_rejected" time="0.308"><failure message="AssertionError: Overpayment beyond invoice total accepted&#10;assert 200 == 400&#10; +  where 200 = &lt;Response [200]&gt;.status_code">E   AssertionError: Overpayment beyond invoice total accepted
    assert 200 == 400
     +  where 200 = &lt;Response [200]&gt;.status_code</failure></testcase><testcase classname="tests.backend_test.TestPayments" name="test_negative_payment_rejected" time="0.126"><failure message="AssertionError: Negative payment amount accepted&#10;assert 200 in (400, 422)&#10; +  where 200 = &lt;Response [200]&gt;.status_code">E   AssertionError: Negative payment amount accepted
    assert 200 in (400, 422)
     +  where 200 = &lt;Response [200]&gt;.status_code</failure></testcase><testcase classname="tests.backend_test.TestInventory" name="test_adjust_stock_nonexistent" time="0.128" /><testcase classname="tests.backend_test.TestDrafts" name="test_drafts_stats" time="0.099" /><testcase classname="tests.backend_test.TestInventory" name="test_low_stock_alerts" time="0.299" /><testcase classname="tests.backend_test.TestDrafts" name="test_draft_appears_in_stats" time="0.361" /><testcase classname="tests.backend_test.TestInventory" name="test_update_product" time="0.470" /><testcase classname="tests.backend_test.TestDrafts" name="test_quotation_draft_counts_toward_limit" time="0.438" /><testcase classname="tests.backend_test.TestInventory" name="test_delete_nonexistent_product" time="0.157" /><testcase classname="tests.backend_test.TestDrafts" name="test_quotation_draft_limit_enforced" time="0.002" /><testcase classname="tests.backend_test.TestCompanyProfile" name="test_get_profile" time="0.152" /><testcase classname="tests.backend_test.TestQuotations" name="test_quotation_create_and_convert" time="0.899" /><testcase classname="tests.backend_test.TestCompanyProfile" name="test_update_profile_persists" time="0.439" /><testcase classname="tests.backend_test.TestCustomers" name="test_customer_crud" time="0.655" /><testcase classname="tests.backend_test.TestQuotations" name="test_convert_nonexistent_quotation" time="0.095" /><testcase classname="tests.backend_test.TestQuotations" name="test_double_convert_quotation" time="0.589"><failure message="AssertionError: Already-converted quotation converted again, creating a duplicate invoice&#10;assert 200 in (400, 409)&#10; +  where 200 = &lt;Response [200]&gt;.status_code">E   AssertionError: Already-converted quotation converted again, creating a duplicate invoice
    assert 200 in (400, 409)
     +  where 200 = &lt;Response [200]&gt;.status_code</failure></testcase><testcase classname="tests.backend_test.TestCustomers" name="test_update_nonexistent_customer" time="0.108" /><testcase classname="tests.backend_test.TestDashboard" name="test_dashboard_stats" time="0.101" /><testcase classname="tests.backend_test.TestDashboard" name="test_dashboard_requires_auth" time="0.197" /><testcase classname="tests.backend_test.TestDraftLimit" name="test_51st_draft_rejected" time="8.941" /><testcase classname="tests.backend_test.TestSeedAndIsolation" name="test_seed_demo_data" time="0.438" /><testcase classname="tests.backend_test.TestSeedAndIsolation" name="test_data_isolated_per_user" time="0.654" /></testsuite></testsuites>